=== DAWA MTAANI v3.6 — UNUSED FILE LOG ===
Generated: 2026-03-28
Audit Phase 3 — Pre-Deployment

This log was auto-generated by the pre-deployment audit.
Files listed here are CANDIDATES for removal — review manually before deleting.
DO NOT delete any file without confirming it is truly unused.

LEGEND:
  [VIEW]    — Blade view with no detected controller/include reference
  [CTRL]    — Controller class with no route binding
  [SERVICE] — Service class with no detected usage
  [ASSET]   — Public JS/CSS file not referenced via Vite build

═══════════════════════════════════════════════════
POTENTIALLY UNUSED VIEWS (11):
═══════════════════════════════════════════════════
  [VIEW] resources/views/welcome.blade.php
  [VIEW] resources/views/placeholder.blade.php
  [VIEW] resources/views/vendor/pagination/bootstrap-4.blade.php
  [VIEW] resources/views/vendor/pagination/bootstrap-5.blade.php
  [VIEW] resources/views/vendor/pagination/default.blade.php
  [VIEW] resources/views/vendor/pagination/semantic-ui.blade.php
  [VIEW] resources/views/vendor/pagination/simple-bootstrap-4.blade.php
  [VIEW] resources/views/vendor/pagination/simple-bootstrap-5.blade.php
  [VIEW] resources/views/vendor/pagination/simple-default.blade.php
  [VIEW] resources/views/vendor/pagination/simple-tailwind.blade.php
  [VIEW] resources/views/vendor/pagination/tailwind.blade.php
  NOTE: vendor/pagination views are Laravel defaults — safe to keep.

═══════════════════════════════════════════════════
UNROUTED CONTROLLERS (3):
═══════════════════════════════════════════════════
  [CTRL] app/Http/Controllers/Auth/RegisteredUserController.php
         — May be used by Breeze auth scaffolding internally
  [CTRL] app/Http/Controllers/Web/RoleRedirectController.php
         — May be called via middleware or inline, not via route:list
  [CTRL] app/Http/Controllers/ProfileController.php
         — Breeze default, may be used by profile routes

═══════════════════════════════════════════════════
POTENTIALLY UNUSED SERVICES (2):
═══════════════════════════════════════════════════
  [SERVICE] app/Services/SpotterDuplicateDetector.php
  [SERVICE] app/Services/Integrations/PpbRegistryFileService.php

═══════════════════════════════════════════════════
PUBLIC ASSETS OUTSIDE VITE BUILD (13):
═══════════════════════════════════════════════════
  [ASSET] public/spotter-assets/js/app.js
  [ASSET] public/spotter-assets/js/camera.js
  [ASSET] public/spotter-assets/js/db.js
  [ASSET] public/spotter-assets/js/duplicate.js
  [ASSET] public/spotter-assets/js/gps.js
  [ASSET] public/spotter-assets/js/sync.js
  [ASSET] public/spotter/js/app.js
  [ASSET] public/spotter/js/camera.js
  [ASSET] public/spotter/js/db.js
  [ASSET] public/spotter/js/duplicate.js
  [ASSET] public/spotter/js/gps.js
  [ASSET] public/spotter/js/sync.js
  [ASSET] public/sw-spotter.js
  NOTE: Spotter assets may be loaded by the PWA shell, not Vite.

═══════════════════════════════════════════════════
MIGRATIONS: All run — 0 pending.
═══════════════════════════════════════════════════
